[debug] [2025-08-24T23:23:32.985Z] ----------------------------------------------------------------------
[debug] [2025-08-24T23:23:32.988Z] Command:       G:\NodeJS\node.exe C:\Users\Alina\AppData\Roaming\npm\node_modules\firebase-tools\lib\bin\firebase.js deploy
[debug] [2025-08-24T23:23:32.989Z] CLI Version:   14.14.0
[debug] [2025-08-24T23:23:32.989Z] Platform:      win32
[debug] [2025-08-24T23:23:32.989Z] Node Version:  v24.4.1
[debug] [2025-08-24T23:23:32.989Z] Time:          Sun Aug 24 2025 19:23:32 GMT-0400 (Eastern Daylight Time)
[debug] [2025-08-24T23:23:32.989Z] ----------------------------------------------------------------------
[debug] 
[debug] [2025-08-24T23:23:33.212Z] > command requires scopes: ["email","openid","https://www.googleapis.com/auth/cloudplatformprojects.readonly","https://www.googleapis.com/auth/firebase","https://www.googleapis.com/auth/cloud-platform"]
[debug] [2025-08-24T23:23:33.213Z] > authorizing via signed-in user (skr1alina@gmail.com)
[debug] [2025-08-24T23:23:33.213Z] [iam] checking project mamavisit1 for permissions ["datastore.indexes.create","datastore.indexes.delete","datastore.indexes.list","datastore.indexes.update","firebase.projects.get","firebasehosting.sites.update"]
[debug] [2025-08-24T23:23:33.214Z] Checked if tokens are valid: true, expires at: 1756079274983
[debug] [2025-08-24T23:23:33.214Z] Checked if tokens are valid: true, expires at: 1756079274983
[debug] [2025-08-24T23:23:33.215Z] >>> [apiv2][query] POST https://cloudresourcemanager.googleapis.com/v1/projects/mamavisit1:testIamPermissions [none]
[debug] [2025-08-24T23:23:33.215Z] >>> [apiv2][(partial)header] POST https://cloudresourcemanager.googleapis.com/v1/projects/mamavisit1:testIamPermissions x-goog-quota-user=projects/mamavisit1
[debug] [2025-08-24T23:23:33.215Z] >>> [apiv2][body] POST https://cloudresourcemanager.googleapis.com/v1/projects/mamavisit1:testIamPermissions {"permissions":["datastore.indexes.create","datastore.indexes.delete","datastore.indexes.list","datastore.indexes.update","firebase.projects.get","firebasehosting.sites.update"]}
[debug] [2025-08-24T23:23:36.260Z] <<< [apiv2][status] POST https://cloudresourcemanager.googleapis.com/v1/projects/mamavisit1:testIamPermissions 200
[debug] [2025-08-24T23:23:36.260Z] <<< [apiv2][body] POST https://cloudresourcemanager.googleapis.com/v1/projects/mamavisit1:testIamPermissions {"permissions":["datastore.indexes.create","datastore.indexes.delete","datastore.indexes.list","datastore.indexes.update","firebase.projects.get","firebasehosting.sites.update"]}
[debug] [2025-08-24T23:23:36.260Z] Checked if tokens are valid: true, expires at: 1756079274983
[debug] [2025-08-24T23:23:36.260Z] Checked if tokens are valid: true, expires at: 1756079274983
[debug] [2025-08-24T23:23:36.261Z] >>> [apiv2][query] GET https://firebase.googleapis.com/v1beta1/projects/mamavisit1 [none]
[debug] [2025-08-24T23:23:37.447Z] <<< [apiv2][status] GET https://firebase.googleapis.com/v1beta1/projects/mamavisit1 200
[debug] [2025-08-24T23:23:37.447Z] <<< [apiv2][body] GET https://firebase.googleapis.com/v1beta1/projects/mamavisit1 {"projectId":"mamavisit1","projectNumber":"703346436628","displayName":"mamavisit1","name":"projects/mamavisit1","resources":{"hostingSite":"mamavisit1"},"state":"ACTIVE","etag":"1_b420e892-1e7f-4d72-a288-9790bd9047de"}
[info] 
[info] === Deploying to 'mamavisit1'...
[info] 
[info] i  deploying firestore, hosting 
[info] i  firestore: reading indexes from firestore.indexes.json... 
[info] i  cloud.firestore: checking firestore.rules for compilation errors... 
[debug] [2025-08-24T23:23:37.452Z] Checked if tokens are valid: true, expires at: 1756079274983
[debug] [2025-08-24T23:23:37.452Z] Checked if tokens are valid: true, expires at: 1756079274983
[debug] [2025-08-24T23:23:37.452Z] >>> [apiv2][query] POST https://firebaserules.googleapis.com/v1/projects/mamavisit1:test [none]
[debug] [2025-08-24T23:23:37.452Z] >>> [apiv2][body] POST https://firebaserules.googleapis.com/v1/projects/mamavisit1:test [omitted]
[debug] [2025-08-24T23:23:37.831Z] <<< [apiv2][status] POST https://firebaserules.googleapis.com/v1/projects/mamavisit1:test 200
[debug] [2025-08-24T23:23:37.831Z] <<< [apiv2][body] POST https://firebaserules.googleapis.com/v1/projects/mamavisit1:test {}
[info] +  cloud.firestore: rules file firestore.rules compiled successfully 
[debug] [2025-08-24T23:23:37.833Z] Checked if tokens are valid: true, expires at: 1756079274983
[debug] [2025-08-24T23:23:37.833Z] Checked if tokens are valid: true, expires at: 1756079274983
[debug] [2025-08-24T23:23:37.834Z] >>> [apiv2][query] POST https://firebasehosting.googleapis.com/v1beta1/projects/-/sites/mamavisit1/versions [none]
[debug] [2025-08-24T23:23:37.834Z] >>> [apiv2][body] POST https://firebasehosting.googleapis.com/v1beta1/projects/-/sites/mamavisit1/versions {"status":"CREATED","labels":{"deployment-tool":"cli-firebase"}}
[debug] [2025-08-24T23:23:38.613Z] <<< [apiv2][status] POST https://firebasehosting.googleapis.com/v1beta1/projects/-/sites/mamavisit1/versions 200
[debug] [2025-08-24T23:23:38.613Z] <<< [apiv2][body] POST https://firebasehosting.googleapis.com/v1beta1/projects/-/sites/mamavisit1/versions {"name":"projects/703346436628/sites/mamavisit1/versions/5696c808492a0bef","status":"CREATED","config":{},"labels":{"deployment-tool":"cli-firebase"}}
[debug] [2025-08-24T23:23:38.614Z] Checked if tokens are valid: true, expires at: 1756079274983
[debug] [2025-08-24T23:23:38.614Z] Checked if tokens are valid: true, expires at: 1756079274983
[debug] [2025-08-24T23:23:38.614Z] >>> [apiv2][query] GET https://firestore.googleapis.com/v1/projects/mamavisit1/databases/(default) [none]
[debug] [2025-08-24T23:23:39.107Z] <<< [apiv2][status] GET https://firestore.googleapis.com/v1/projects/mamavisit1/databases/(default) 200
[debug] [2025-08-24T23:23:39.107Z] <<< [apiv2][body] GET https://firestore.googleapis.com/v1/projects/mamavisit1/databases/(default) {"name":"projects/mamavisit1/databases/(default)","uid":"dfd1bcaf-b270-40bf-8b1c-fb38837576c1","createTime":"2025-08-24T17:37:03.645854Z","updateTime":"2025-08-24T17:37:03.645854Z","locationId":"us-central1","type":"FIRESTORE_NATIVE","concurrencyMode":"PESSIMISTIC","versionRetentionPeriod":"3600s","earliestVersionTime":"2025-08-24T22:23:39.275536Z","appEngineIntegrationMode":"DISABLED","pointInTimeRecoveryEnablement":"POINT_IN_TIME_RECOVERY_DISABLED","deleteProtectionState":"DELETE_PROTECTION_DISABLED","databaseEdition":"STANDARD","freeTier":true,"etag":"INzO9tTLpI8DMLGSobT+o48D"}
[debug] [2025-08-24T23:23:39.107Z] Checked if tokens are valid: true, expires at: 1756079274983
[debug] [2025-08-24T23:23:39.108Z] Checked if tokens are valid: true, expires at: 1756079274983
[debug] [2025-08-24T23:23:39.108Z] >>> [apiv2][query] GET https://firebaserules.googleapis.com/v1/projects/mamavisit1/releases pageSize=10&pageToken=
[debug] [2025-08-24T23:23:39.720Z] <<< [apiv2][status] GET https://firebaserules.googleapis.com/v1/projects/mamavisit1/releases 200
[debug] [2025-08-24T23:23:39.720Z] <<< [apiv2][body] GET https://firebaserules.googleapis.com/v1/projects/mamavisit1/releases {"releases":[{"name":"projects/mamavisit1/releases/cloud.firestore","rulesetName":"projects/mamavisit1/rulesets/50743b6a-0f42-4bc8-b600-ef22e58787ae","createTime":"2025-08-24T17:40:26.460726Z","updateTime":"2025-08-24T23:15:39.205637Z"}]}
[debug] [2025-08-24T23:23:39.720Z] Checked if tokens are valid: true, expires at: 1756079274983
[debug] [2025-08-24T23:23:39.720Z] Checked if tokens are valid: true, expires at: 1756079274983
[debug] [2025-08-24T23:23:39.720Z] >>> [apiv2][query] GET https://firebaserules.googleapis.com/v1/projects/mamavisit1/rulesets/50743b6a-0f42-4bc8-b600-ef22e58787ae [none]
[debug] [2025-08-24T23:23:40.205Z] <<< [apiv2][status] GET https://firebaserules.googleapis.com/v1/projects/mamavisit1/rulesets/50743b6a-0f42-4bc8-b600-ef22e58787ae 200
[debug] [2025-08-24T23:23:40.205Z] <<< [apiv2][body] GET https://firebaserules.googleapis.com/v1/projects/mamavisit1/rulesets/50743b6a-0f42-4bc8-b600-ef22e58787ae [omitted]
[info] i  firestore: latest version of firestore.rules already up to date, skipping upload... 
[info] i  firestore: deploying indexes... 
[debug] [2025-08-24T23:23:40.207Z] Checked if tokens are valid: true, expires at: 1756079274983
[debug] [2025-08-24T23:23:40.207Z] Checked if tokens are valid: true, expires at: 1756079274983
[debug] [2025-08-24T23:23:40.207Z] >>> [apiv2][query] GET https://firestore.googleapis.com/v1/projects/mamavisit1/databases/(default)/collectionGroups/-/indexes [none]
[debug] [2025-08-24T23:23:40.309Z] <<< [apiv2][status] GET https://firestore.googleapis.com/v1/projects/mamavisit1/databases/(default)/collectionGroups/-/indexes 200
[debug] [2025-08-24T23:23:40.309Z] <<< [apiv2][body] GET https://firestore.googleapis.com/v1/projects/mamavisit1/databases/(default)/collectionGroups/-/indexes {}
[debug] [2025-08-24T23:23:40.309Z] Checked if tokens are valid: true, expires at: 1756079274983
[debug] [2025-08-24T23:23:40.309Z] Checked if tokens are valid: true, expires at: 1756079274983
[debug] [2025-08-24T23:23:40.309Z] >>> [apiv2][query] GET https://firestore.googleapis.com/v1/projects/mamavisit1/databases/(default)/collectionGroups/-/fields?filter=indexConfig.usesAncestorConfig=false OR ttlConfig:* [none]
[debug] [2025-08-24T23:23:40.497Z] <<< [apiv2][status] GET https://firestore.googleapis.com/v1/projects/mamavisit1/databases/(default)/collectionGroups/-/fields?filter=indexConfig.usesAncestorConfig=false OR ttlConfig:* 200
[debug] [2025-08-24T23:23:40.497Z] <<< [apiv2][body] GET https://firestore.googleapis.com/v1/projects/mamavisit1/databases/(default)/collectionGroups/-/fields?filter=indexConfig.usesAncestorConfig=false OR ttlConfig:* {"fields":[{"name":"projects/mamavisit1/databases/(default)/collectionGroups/__default__/fields/*","indexConfig":{"indexes":[{"queryScope":"COLLECTION","fields":[{"fieldPath":"*","order":"ASCENDING"}],"state":"READY"},{"queryScope":"COLLECTION","fields":[{"fieldPath":"*","order":"DESCENDING"}],"state":"READY"},{"queryScope":"COLLECTION","fields":[{"fieldPath":"*","arrayConfig":"CONTAINS"}],"state":"READY"}]}}]}
[debug] [2025-08-24T23:23:40.497Z] Checked if tokens are valid: true, expires at: 1756079274983
[debug] [2025-08-24T23:23:40.497Z] Checked if tokens are valid: true, expires at: 1756079274983
[debug] [2025-08-24T23:23:40.497Z] >>> [apiv2][query] GET https://firestore.googleapis.com/v1/projects/mamavisit1/databases/(default) [none]
[debug] [2025-08-24T23:23:40.719Z] <<< [apiv2][status] GET https://firestore.googleapis.com/v1/projects/mamavisit1/databases/(default) 200
[debug] [2025-08-24T23:23:40.719Z] <<< [apiv2][body] GET https://firestore.googleapis.com/v1/projects/mamavisit1/databases/(default) {"name":"projects/mamavisit1/databases/(default)","uid":"dfd1bcaf-b270-40bf-8b1c-fb38837576c1","createTime":"2025-08-24T17:37:03.645854Z","updateTime":"2025-08-24T17:37:03.645854Z","locationId":"us-central1","type":"FIRESTORE_NATIVE","concurrencyMode":"PESSIMISTIC","versionRetentionPeriod":"3600s","earliestVersionTime":"2025-08-24T22:23:40.890655Z","appEngineIntegrationMode":"DISABLED","pointInTimeRecoveryEnablement":"POINT_IN_TIME_RECOVERY_DISABLED","deleteProtectionState":"DELETE_PROTECTION_DISABLED","databaseEdition":"STANDARD","freeTier":true,"etag":"IJ6X2dXLpI8DMLGSobT+o48D"}
[info] +  firestore: deployed indexes in firestore.indexes.json successfully for (default) database 
[info] i  hosting[mamavisit1]: beginning deploy... 
[info] i  hosting[mamavisit1]: found 23 files in build 
[debug] [2025-08-24T23:23:40.737Z] [hosting] uploading with 200 concurrency
[debug] [2025-08-24T23:23:41.119Z] Checked if tokens are valid: true, expires at: 1756079274983
[debug] [2025-08-24T23:23:41.119Z] Checked if tokens are valid: true, expires at: 1756079274983
[debug] [2025-08-24T23:23:41.120Z] [hosting] hash cache [YnVpbGQ] stored for 23 files
[debug] [2025-08-24T23:23:41.120Z] [hosting][hash queue][FINAL] {"max":375,"min":0,"avg":21.869565217391305,"active":0,"complete":23,"success":23,"errored":0,"retried":0,"total":23,"elapsed":379}
[debug] [2025-08-24T23:23:41.121Z] >>> [apiv2][query] POST https://firebasehosting.googleapis.com/v1beta1/projects/703346436628/sites/mamavisit1/versions/5696c808492a0bef:populateFiles [none]
[debug] [2025-08-24T23:23:41.121Z] >>> [apiv2][body] POST https://firebasehosting.googleapis.com/v1beta1/projects/703346436628/sites/mamavisit1/versions/5696c808492a0bef:populateFiles {"files":{"/robots.txt":"bfe106a3fb878dc83461c86818bf74fc1bdc7f28538ba613cd3e775516ce8b49","/manifest.json":"ee04fb47e525c67d8424ffe9b4d8a8a24e434504478afca4e0ca602146836d4c","/logo512.png":"212b102aa09e51b3b3e06647e81f7801a61333e171f6582e8124379aabccb41d","/logo192.png":"79e2b749561016bc8af300ea19f48347ceed3cb1a54f48ae456172eca45e08f0","/favicon.ico":"27edce7be5922cf0bef7d4136f69b5bfbdd5bf8c13c7b026f71187d41a00aa7d","/images/hotel-sofa-bed.jpg.jpg":"c52ab2ed80bd59f82ad097ccf9f4bbe0d8aed84b79b7ffa0038fac9a548b4c98","/images/hotel-kitchen.jpg.jpg":"2154912ce36382058c724c4043a4a6557475cbfcee3d36ef5b34bde2968ef426","/images/hotel-general-view.jpg.jpg":"479d5727bcc7716612151a9b3f3e61e1f18a09751b781605eb76cd463de5c4b5","/images/hotel-bathroom.jpg.jpg":"6f69f579eb1a09e98a8c0f4b8dec032c40ef4a74110a25cea5c9a3bf3c3ebde1","/images/hello.mp4":"547fd8e4d942632f406c6852e6199081b41c3717c43be9b2145578c0ea603dc9","/images/family.MP4":"25fa5092b3fd1025bd4015174d57c45a056d8117aa926e6c6a37bcf6c99320a9","/images/echo.png":"5ce0e0fcf984a81eef4fe3ec0f97c7c824a18524e81112aa9c067298ac24afad","/images/drink.jpg":"9ef66cedeb7feabb8d2d982786eb1cb7a8fd853ce9c6f1d2703f77f8ed10e4e6","/images/Alina and Aspen.jpg":"65ec4e120824188ebe3fbbeb02a7ffa249b38a690110a2eb6dd4c247ddb75406","/index.html":"00af9001aa2890958fa8618a1365e6a4e0d48b8514c5f4807f474989bf6c8ad7","/asset-manifest.json":"20a8890c5fc48fc01e0e06ba367f990a57a7e9da9a59d75ac267e3f5fac04bba","/static/js/main.3919bb60.js.LICENSE.txt":"5ed7f1aa771677bda0af175f227ecf63c506dd35c0505da21591992df3f8b12b","/static/css/main.e6c13ad2.css.map":"f04a63909cca3733d97f9e07379739ab666aeb79b15e6800ce9ebca27689d862","/static/css/main.e6c13ad2.css":"10675dc14dd390bf45eef8a0221880c7b5b9a5ac519a13bc0890261e6b1e84fa","/static/js/453.1e025af9.chunk.js":"88e5f51003adaa902684b9c6cf8ad37acc47337681eeadba37a1cffe791d3e75","/static/js/453.1e025af9.chunk.js.map":"99986ee8b86a2e4ea9690bb57475435b290c3681184c620b18d7653f4d4759ff","/static/js/main.3919bb60.js":"12decc452e882d4e27c4975e722436a574b6501f96fb9cd52bafc56a09300002","/static/js/main.3919bb60.js.map":"546f7ef973bb1b5dee4765d0946536b43094a9ad1b52ca0c4bc93e96d6fad654"}}
[debug] [2025-08-24T23:23:41.586Z] <<< [apiv2][status] POST https://firebasehosting.googleapis.com/v1beta1/projects/703346436628/sites/mamavisit1/versions/5696c808492a0bef:populateFiles 200
[debug] [2025-08-24T23:23:41.586Z] <<< [apiv2][body] POST https://firebasehosting.googleapis.com/v1beta1/projects/703346436628/sites/mamavisit1/versions/5696c808492a0bef:populateFiles {"uploadRequiredHashes":["00af9001aa2890958fa8618a1365e6a4e0d48b8514c5f4807f474989bf6c8ad7","20a8890c5fc48fc01e0e06ba367f990a57a7e9da9a59d75ac267e3f5fac04bba","12decc452e882d4e27c4975e722436a574b6501f96fb9cd52bafc56a09300002","546f7ef973bb1b5dee4765d0946536b43094a9ad1b52ca0c4bc93e96d6fad654"],"uploadUrl":"https://upload-firebasehosting.googleapis.com/upload/sites/mamavisit1/versions/5696c808492a0bef/files"}
[debug] [2025-08-24T23:23:41.587Z] Checked if tokens are valid: true, expires at: 1756079274983
[debug] [2025-08-24T23:23:41.587Z] Checked if tokens are valid: true, expires at: 1756079274983
[debug] [2025-08-24T23:23:41.588Z] Checked if tokens are valid: true, expires at: 1756079274983
[debug] [2025-08-24T23:23:41.588Z] Checked if tokens are valid: true, expires at: 1756079274983
[debug] [2025-08-24T23:23:41.588Z] Checked if tokens are valid: true, expires at: 1756079274983
[debug] [2025-08-24T23:23:41.588Z] Checked if tokens are valid: true, expires at: 1756079274983
[debug] [2025-08-24T23:23:41.588Z] Checked if tokens are valid: true, expires at: 1756079274983
[debug] [2025-08-24T23:23:41.588Z] Checked if tokens are valid: true, expires at: 1756079274983
[debug] [2025-08-24T23:23:41.588Z] >>> [apiv2][query] POST https://upload-firebasehosting.googleapis.com/upload/sites/mamavisit1/versions/5696c808492a0bef/files/00af9001aa2890958fa8618a1365e6a4e0d48b8514c5f4807f474989bf6c8ad7 [none]
[debug] [2025-08-24T23:23:41.588Z] >>> [apiv2][body] POST https://upload-firebasehosting.googleapis.com/upload/sites/mamavisit1/versions/5696c808492a0bef/files/00af9001aa2890958fa8618a1365e6a4e0d48b8514c5f4807f474989bf6c8ad7 [stream]
[debug] [2025-08-24T23:23:41.590Z] >>> [apiv2][query] POST https://upload-firebasehosting.googleapis.com/upload/sites/mamavisit1/versions/5696c808492a0bef/files/20a8890c5fc48fc01e0e06ba367f990a57a7e9da9a59d75ac267e3f5fac04bba [none]
[debug] [2025-08-24T23:23:41.590Z] >>> [apiv2][body] POST https://upload-firebasehosting.googleapis.com/upload/sites/mamavisit1/versions/5696c808492a0bef/files/20a8890c5fc48fc01e0e06ba367f990a57a7e9da9a59d75ac267e3f5fac04bba [stream]
[debug] [2025-08-24T23:23:41.590Z] >>> [apiv2][query] POST https://upload-firebasehosting.googleapis.com/upload/sites/mamavisit1/versions/5696c808492a0bef/files/12decc452e882d4e27c4975e722436a574b6501f96fb9cd52bafc56a09300002 [none]
[debug] [2025-08-24T23:23:41.590Z] >>> [apiv2][body] POST https://upload-firebasehosting.googleapis.com/upload/sites/mamavisit1/versions/5696c808492a0bef/files/12decc452e882d4e27c4975e722436a574b6501f96fb9cd52bafc56a09300002 [stream]
[debug] [2025-08-24T23:23:41.592Z] >>> [apiv2][query] POST https://upload-firebasehosting.googleapis.com/upload/sites/mamavisit1/versions/5696c808492a0bef/files/546f7ef973bb1b5dee4765d0946536b43094a9ad1b52ca0c4bc93e96d6fad654 [none]
[debug] [2025-08-24T23:23:41.592Z] >>> [apiv2][body] POST https://upload-firebasehosting.googleapis.com/upload/sites/mamavisit1/versions/5696c808492a0bef/files/546f7ef973bb1b5dee4765d0946536b43094a9ad1b52ca0c4bc93e96d6fad654 [stream]
[debug] [2025-08-24T23:23:41.594Z] [hosting][populate queue][FINAL] {"max":470,"min":470,"avg":470,"active":0,"complete":1,"success":1,"errored":0,"retried":0,"total":1,"elapsed":476}
[debug] [2025-08-24T23:23:41.594Z] [hosting] uploads queued: 4
[debug] [2025-08-24T23:23:43.337Z] <<< [apiv2][status] POST https://upload-firebasehosting.googleapis.com/upload/sites/mamavisit1/versions/5696c808492a0bef/files/00af9001aa2890958fa8618a1365e6a4e0d48b8514c5f4807f474989bf6c8ad7 200
[debug] [2025-08-24T23:23:43.337Z] <<< [apiv2][body] POST https://upload-firebasehosting.googleapis.com/upload/sites/mamavisit1/versions/5696c808492a0bef/files/00af9001aa2890958fa8618a1365e6a4e0d48b8514c5f4807f474989bf6c8ad7 [stream]
[debug] [2025-08-24T23:23:44.024Z] <<< [apiv2][status] POST https://upload-firebasehosting.googleapis.com/upload/sites/mamavisit1/versions/5696c808492a0bef/files/20a8890c5fc48fc01e0e06ba367f990a57a7e9da9a59d75ac267e3f5fac04bba 200
[debug] [2025-08-24T23:23:44.024Z] <<< [apiv2][body] POST https://upload-firebasehosting.googleapis.com/upload/sites/mamavisit1/versions/5696c808492a0bef/files/20a8890c5fc48fc01e0e06ba367f990a57a7e9da9a59d75ac267e3f5fac04bba [stream]
[debug] [2025-08-24T23:23:45.160Z] <<< [apiv2][status] POST https://upload-firebasehosting.googleapis.com/upload/sites/mamavisit1/versions/5696c808492a0bef/files/12decc452e882d4e27c4975e722436a574b6501f96fb9cd52bafc56a09300002 200
